<?xml version="1.0" encoding="UTF-8"?>
<!-- Generated by org.testng.reporters.JUnitXMLReporter -->
<testsuite ignored="0" hostname="TSIPL1805" failures="0" tests="3" name="Default test" time="71.929" errors="0" timestamp="2021-06-17T14:35:53 IST">
  <testcase classname="com.testing.ts.scripts.LoginTestRunner" name="testscript" time="0.205">
    <skipped/>
  </testcase> <!-- testscript -->
  <testcase classname="com.testing.ts.scripts.LoginTestRunner" name="testscript" time="27.902"/>
  <testcase classname="com.testing.ts.scripts.LoginTestRunner" name="testscript" time="37.73"/>
</testsuite> <!-- Default test -->
