<?xml version="1.0" encoding="UTF-8"?>
<testng-results ignored="0" total="2" passed="2" failed="0" skipped="0">
  <reporter-output>
    <line>
      <![CDATA[STEP1]]>
    </line>
    <line>
      <![CDATA[STEP2]]>
    </line>
    <line>
      <![CDATA[STEP3]]>
    </line>
  </reporter-output>
  <suite started-at="2021-06-16T22:03:10 IST" name="Default suite" finished-at="2021-06-16T22:05:14 IST" duration-ms="124413">
    <groups>
    </groups>
    <test started-at="2021-06-16T22:03:10 IST" name="Default test" finished-at="2021-06-16T22:05:14 IST" duration-ms="124413">
      <class name="com.testing.ts.scripts.LoginTestRunner">
        <test-method is-config="true" signature="beforeTest()[pri:0, instance:com.testing.ts.scripts.LoginTestRunner@14c01636]" started-at="2021-06-16T22:03:10 IST" name="beforeTest" finished-at="2021-06-16T22:03:10 IST" duration-ms="33" status="PASS">
          <reporter-output>
          </reporter-output>
        </test-method> <!-- beforeTest -->
        <test-method signature="testscript(java.util.Hashtable)[pri:0, instance:com.testing.ts.scripts.LoginTestRunner@14c01636]" started-at="2021-06-16T22:03:10 IST" name="testscript" data-provider="getDetails" finished-at="2021-06-16T22:04:07 IST" duration-ms="57566" status="PASS">
          <params>
            <param index="0">
              <value>
                <![CDATA[{Test Case Type=Positive, ErrorMessage=, Result=, passedScreenShot=, failedScreenShot=, Runmode=Y, userId=tomsmith, password=SuperSecretPassword!, expResult=Pass}]]>
              </value>
            </param>
          </params>
          <reporter-output>
            <line>
              <![CDATA[STEP1]]>
            </line>
          </reporter-output>
        </test-method> <!-- testscript -->
        <test-method is-config="true" signature="closesite()[pri:0, instance:com.testing.ts.scripts.LoginTestRunner@14c01636]" started-at="2021-06-16T22:04:07 IST" name="closesite" finished-at="2021-06-16T22:04:12 IST" duration-ms="4624" status="PASS">
          <reporter-output>
          </reporter-output>
        </test-method> <!-- closesite -->
        <test-method is-config="true" signature="setStatus()[pri:0, instance:com.testing.ts.scripts.LoginTestRunner@14c01636]" started-at="2021-06-16T22:04:12 IST" name="setStatus" finished-at="2021-06-16T22:04:12 IST" duration-ms="169" status="PASS">
          <reporter-output>
          </reporter-output>
        </test-method> <!-- setStatus -->
        <test-method signature="testscript(java.util.Hashtable)[pri:0, instance:com.testing.ts.scripts.LoginTestRunner@14c01636]" started-at="2021-06-16T22:04:12 IST" name="testscript" data-provider="getDetails" finished-at="2021-06-16T22:05:08 IST" duration-ms="56203" status="PASS">
          <params>
            <param index="0">
              <value>
                <![CDATA[{Test Case Type=negative, ErrorMessage=, Result=, passedScreenShot=, failedScreenShot=, Runmode=Y, userId=tomsmith, password=password123, expResult=Fail}]]>
              </value>
            </param>
          </params>
          <reporter-output>
            <line>
              <![CDATA[STEP2]]>
            </line>
          </reporter-output>
        </test-method> <!-- testscript -->
        <test-method is-config="true" signature="closesite()[pri:0, instance:com.testing.ts.scripts.LoginTestRunner@14c01636]" started-at="2021-06-16T22:05:08 IST" name="closesite" finished-at="2021-06-16T22:05:13 IST" duration-ms="4701" status="PASS">
          <reporter-output>
          </reporter-output>
        </test-method> <!-- closesite -->
        <test-method is-config="true" signature="setStatus()[pri:0, instance:com.testing.ts.scripts.LoginTestRunner@14c01636]" started-at="2021-06-16T22:05:13 IST" name="setStatus" finished-at="2021-06-16T22:05:13 IST" duration-ms="138" status="PASS">
          <reporter-output>
          </reporter-output>
        </test-method> <!-- setStatus -->
        <test-method is-config="true" signature="close()[pri:0, instance:com.testing.ts.scripts.LoginTestRunner@14c01636]" started-at="2021-06-16T22:05:13 IST" name="close" finished-at="2021-06-16T22:05:14 IST" duration-ms="945" status="PASS">
          <reporter-output>
            <line>
              <![CDATA[STEP3]]>
            </line>
          </reporter-output>
        </test-method> <!-- close -->
      </class> <!-- com.testing.ts.scripts.LoginTestRunner -->
    </test> <!-- Default test -->
  </suite> <!-- Default suite -->
</testng-results>
